
ROM used:   621/8192 (8%)
            621/8192 (8%) including unused fragments

            0.7 Average locations per line
            5.1 Average locations per statement

RAM used:   25/368 (7%) at main() level
            27/368 (7%) worst case

Stack used: 1 worst case (0 in main + 1 for interrupts)
Stack size: 8

Lines Stmts  %   Files
----- ----- ---  -----
  188   121 100  ASA_KOD7_16F877A_CH340_C#Haberlesme.c
  661     0   0  ..\..\..\..\..\Program Files (x86)\PICC\Devices\16F877A.h
----- -----
  849   121 Total

Page ROM  %  RAM   Vol Diff  Functions:
---- --- --- ---   --- ----  ----------
0     21   3    1             @delay_ms1
0     12   2    0             @const629
0     12   2    0             @const632
0    373  60    1  2580  4.9  serihaberlesme_kesmesi
0    154  25    1   853  5.8  MAIN
 Inline         0             @cinit1

Program metrics:
    Functions               2
    Statements              121
    Comments                158
    Volume (V)              3863
    Difficulty (D)          10.6
    Effort to implement (E) 40981
    Time to implement (T)   38 minutes
    Est Delivered Bugs (B)  0
    Cyclomatic Complexity   24
    Maintainability (MI)    109

 Segment     Used  Free
-----------  ----  ----
00000-00003     4  0  
00004-00030    45  0  
00031-007FF   572  1427  
00800-00FFF     0  2048  
01000-017FF     0  2048  
01800-01FFF     0  2048  



